Analysis & Synthesis report for microprocessador
Fri Apr 21 16:10:23 2017
Quartus Prime Version 16.1.0 Build 196 10/24/2016 SJ Lite Edition


---------------------
; Table of Contents ;
---------------------
  1. Legal Notice
  2. Analysis & Synthesis Summary
  3. Analysis & Synthesis Settings
  4. Parallel Compilation
  5. Analysis & Synthesis Messages



----------------
; Legal Notice ;
----------------
Copyright (C) 2016  Intel Corporation. All rights reserved.
Your use of Intel Corporation's design tools, logic functions 
and other software and tools, and its AMPP partner logic 
functions, and any output files from any of the foregoing 
(including device programming or simulation files), and any 
associated documentation or information are expressly subject 
to the terms and conditions of the Intel Program License 
Subscription Agreement, the Intel Quartus Prime License Agreement,
the Intel MegaCore Function License Agreement, or other 
applicable license agreement, including, without limitation, 
that your use is for the sole purpose of programming logic 
devices manufactured by Intel and sold by Intel or its 
authorized distributors.  Please refer to the applicable 
agreement for further details.



+----------------------------------------------------------------------------------+
; Analysis & Synthesis Summary                                                     ;
+------------------------------------+---------------------------------------------+
; Analysis & Synthesis Status        ; Failed - Fri Apr 21 16:10:23 2017           ;
; Quartus Prime Version              ; 16.1.0 Build 196 10/24/2016 SJ Lite Edition ;
; Revision Name                      ; microprocessador                            ;
; Top-level Entity Name              ; microprocessador                            ;
; Family                             ; Cyclone IV E                                ;
; Total logic elements               ; N/A until Partition Merge                   ;
;     Total combinational functions  ; N/A until Partition Merge                   ;
;     Dedicated logic registers      ; N/A until Partition Merge                   ;
; Total registers                    ; N/A until Partition Merge                   ;
; Total pins                         ; N/A until Partition Merge                   ;
; Total virtual pins                 ; N/A until Partition Merge                   ;
; Total memory bits                  ; N/A until Partition Merge                   ;
; Embedded Multiplier 9-bit elements ; N/A until Partition Merge                   ;
; Total PLLs                         ; N/A until Partition Merge                   ;
+------------------------------------+---------------------------------------------+


+----------------------------------------------------------------------------------------------------------------------+
; Analysis & Synthesis Settings                                                                                        ;
+----------------------------------------------------------------------------+--------------------+--------------------+
; Option                                                                     ; Setting            ; Default Value      ;
+----------------------------------------------------------------------------+--------------------+--------------------+
; Device                                                                     ; EP4CE22F17C6       ;                    ;
; Top-level entity name                                                      ; microprocessador   ; microprocessador   ;
; Family name                                                                ; Cyclone IV E       ; Cyclone V          ;
; Use smart compilation                                                      ; Off                ; Off                ;
; Enable parallel Assembler and TimeQuest Timing Analyzer during compilation ; On                 ; On                 ;
; Enable compact report table                                                ; Off                ; Off                ;
; Restructure Multiplexers                                                   ; Auto               ; Auto               ;
; Create Debugging Nodes for IP Cores                                        ; Off                ; Off                ;
; Preserve fewer node names                                                  ; On                 ; On                 ;
; OpenCore Plus hardware evaluation                                          ; Enable             ; Enable             ;
; Verilog Version                                                            ; Verilog_2001       ; Verilog_2001       ;
; VHDL Version                                                               ; VHDL_1993          ; VHDL_1993          ;
; State Machine Processing                                                   ; Auto               ; Auto               ;
; Safe State Machine                                                         ; Off                ; Off                ;
; Extract Verilog State Machines                                             ; On                 ; On                 ;
; Extract VHDL State Machines                                                ; On                 ; On                 ;
; Ignore Verilog initial constructs                                          ; Off                ; Off                ;
; Iteration limit for constant Verilog loops                                 ; 5000               ; 5000               ;
; Iteration limit for non-constant Verilog loops                             ; 250                ; 250                ;
; Add Pass-Through Logic to Inferred RAMs                                    ; On                 ; On                 ;
; Infer RAMs from Raw Logic                                                  ; On                 ; On                 ;
; Parallel Synthesis                                                         ; On                 ; On                 ;
; DSP Block Balancing                                                        ; Auto               ; Auto               ;
; NOT Gate Push-Back                                                         ; On                 ; On                 ;
; Power-Up Don't Care                                                        ; On                 ; On                 ;
; Remove Redundant Logic Cells                                               ; Off                ; Off                ;
; Remove Duplicate Registers                                                 ; On                 ; On                 ;
; Ignore CARRY Buffers                                                       ; Off                ; Off                ;
; Ignore CASCADE Buffers                                                     ; Off                ; Off                ;
; Ignore GLOBAL Buffers                                                      ; Off                ; Off                ;
; Ignore ROW GLOBAL Buffers                                                  ; Off                ; Off                ;
; Ignore LCELL Buffers                                                       ; Off                ; Off                ;
; Ignore SOFT Buffers                                                        ; On                 ; On                 ;
; Limit AHDL Integers to 32 Bits                                             ; Off                ; Off                ;
; Optimization Technique                                                     ; Balanced           ; Balanced           ;
; Carry Chain Length                                                         ; 70                 ; 70                 ;
; Auto Carry Chains                                                          ; On                 ; On                 ;
; Auto Open-Drain Pins                                                       ; On                 ; On                 ;
; Perform WYSIWYG Primitive Resynthesis                                      ; Off                ; Off                ;
; Auto ROM Replacement                                                       ; On                 ; On                 ;
; Auto RAM Replacement                                                       ; On                 ; On                 ;
; Auto DSP Block Replacement                                                 ; On                 ; On                 ;
; Auto Shift Register Replacement                                            ; Auto               ; Auto               ;
; Allow Shift Register Merging across Hierarchies                            ; Auto               ; Auto               ;
; Auto Clock Enable Replacement                                              ; On                 ; On                 ;
; Strict RAM Replacement                                                     ; Off                ; Off                ;
; Allow Synchronous Control Signals                                          ; On                 ; On                 ;
; Force Use of Synchronous Clear Signals                                     ; Off                ; Off                ;
; Auto RAM Block Balancing                                                   ; On                 ; On                 ;
; Auto RAM to Logic Cell Conversion                                          ; Off                ; Off                ;
; Auto Resource Sharing                                                      ; Off                ; Off                ;
; Allow Any RAM Size For Recognition                                         ; Off                ; Off                ;
; Allow Any ROM Size For Recognition                                         ; Off                ; Off                ;
; Allow Any Shift Register Size For Recognition                              ; Off                ; Off                ;
; Use LogicLock Constraints during Resource Balancing                        ; On                 ; On                 ;
; Ignore translate_off and synthesis_off directives                          ; Off                ; Off                ;
; Timing-Driven Synthesis                                                    ; On                 ; On                 ;
; Report Parameter Settings                                                  ; On                 ; On                 ;
; Report Source Assignments                                                  ; On                 ; On                 ;
; Report Connectivity Checks                                                 ; On                 ; On                 ;
; Ignore Maximum Fan-Out Assignments                                         ; Off                ; Off                ;
; Synchronization Register Chain Length                                      ; 2                  ; 2                  ;
; PowerPlay Power Optimization During Synthesis                              ; Normal compilation ; Normal compilation ;
; HDL message level                                                          ; Level2             ; Level2             ;
; Suppress Register Optimization Related Messages                            ; Off                ; Off                ;
; Number of Removed Registers Reported in Synthesis Report                   ; 5000               ; 5000               ;
; Number of Swept Nodes Reported in Synthesis Report                         ; 5000               ; 5000               ;
; Number of Inverted Registers Reported in Synthesis Report                  ; 100                ; 100                ;
; Clock MUX Protection                                                       ; On                 ; On                 ;
; Auto Gated Clock Conversion                                                ; Off                ; Off                ;
; Block Design Naming                                                        ; Auto               ; Auto               ;
; SDC constraint protection                                                  ; Off                ; Off                ;
; Synthesis Effort                                                           ; Auto               ; Auto               ;
; Shift Register Replacement - Allow Asynchronous Clear Signal               ; On                 ; On                 ;
; Pre-Mapping Resynthesis Optimization                                       ; Off                ; Off                ;
; Analysis & Synthesis Message Level                                         ; Medium             ; Medium             ;
; Disable Register Merging Across Hierarchies                                ; Auto               ; Auto               ;
; Resource Aware Inference For Block RAM                                     ; On                 ; On                 ;
+----------------------------------------------------------------------------+--------------------+--------------------+


+------------------------------------------+
; Parallel Compilation                     ;
+----------------------------+-------------+
; Processors                 ; Number      ;
+----------------------------+-------------+
; Number detected on machine ; 4           ;
; Maximum allowed            ; 2           ;
;                            ;             ;
; Average used               ; 1.00        ;
; Maximum used               ; 1           ;
;                            ;             ;
; Usage by Processor         ; % Time Used ;
;     Processor 1            ; 100.0%      ;
+----------------------------+-------------+


+-------------------------------+
; Analysis & Synthesis Messages ;
+-------------------------------+
Info: *******************************************************************
Info: Running Quartus Prime Analysis & Synthesis
    Info: Version 16.1.0 Build 196 10/24/2016 SJ Lite Edition
    Info: Processing started: Fri Apr 21 16:10:01 2017
Info: Command: quartus_map --read_settings_files=on --write_settings_files=off microprocessador -c microprocessador
Warning (18236): Number of processors has not been specified which may cause overloading on shared machines.  Set the global assignment NUM_PARALLEL_PROCESSORS in your QSF to an appropriate value for best performance.
Info (20030): Parallel compilation is enabled and will use 2 of the 2 processors detected
Info (12021): Found 2 design units, including 1 entities, in source file /home/comnu/Documents/Q4/ArquitecturaComputadors/P3/Prac3/constant4.vhd
    Info (12022): Found design unit 1: constant4-behav File: /home/comnu/Documents/Q4/ArquitecturaComputadors/P3/Prac3/constant4.vhd Line: 10
    Info (12023): Found entity 1: constant4 File: /home/comnu/Documents/Q4/ArquitecturaComputadors/P3/Prac3/constant4.vhd Line: 4
Info (12021): Found 2 design units, including 1 entities, in source file /home/comnu/Documents/Q4/ArquitecturaComputadors/P3/Prac3/Components/Despl2/Despl2.vhd
    Info (12022): Found design unit 1: Despl2-behavior File: /home/comnu/Documents/Q4/ArquitecturaComputadors/P3/Prac3/Components/Despl2/Despl2.vhd Line: 12
    Info (12023): Found entity 1: Despl2 File: /home/comnu/Documents/Q4/ArquitecturaComputadors/P3/Prac3/Components/Despl2/Despl2.vhd Line: 5
Info (12021): Found 2 design units, including 1 entities, in source file /home/comnu/Documents/Q4/ArquitecturaComputadors/P3/Prac3/Components/Despl2BitsEsq/Despl2BitsEsq.vhd
    Info (12022): Found design unit 1: Despl2BitsEsq-behavior File: /home/comnu/Documents/Q4/ArquitecturaComputadors/P3/Prac3/Components/Despl2BitsEsq/Despl2BitsEsq.vhd Line: 12
    Info (12023): Found entity 1: Despl2BitsEsq File: /home/comnu/Documents/Q4/ArquitecturaComputadors/P3/Prac3/Components/Despl2BitsEsq/Despl2BitsEsq.vhd Line: 5
Info (12021): Found 2 design units, including 1 entities, in source file /home/comnu/Documents/Q4/ArquitecturaComputadors/P3/Prac3/Components/UnitatControl/UnitatControl.vhd
    Info (12022): Found design unit 1: UnitatControl-behav File: /home/comnu/Documents/Q4/ArquitecturaComputadors/P3/Prac3/Components/UnitatControl/UnitatControl.vhd Line: 24
    Info (12023): Found entity 1: UnitatControl File: /home/comnu/Documents/Q4/ArquitecturaComputadors/P3/Prac3/Components/UnitatControl/UnitatControl.vhd Line: 5
Info (12021): Found 2 design units, including 1 entities, in source file /home/comnu/Documents/Q4/ArquitecturaComputadors/P3/Prac3/Components/ControlALU/ControlALU.vhd
    Info (12022): Found design unit 1: ControlALU-behav File: /home/comnu/Documents/Q4/ArquitecturaComputadors/P3/Prac3/Components/ControlALU/ControlALU.vhd Line: 15
    Info (12023): Found entity 1: ControlALU File: /home/comnu/Documents/Q4/ArquitecturaComputadors/P3/Prac3/Components/ControlALU/ControlALU.vhd Line: 5
Info (12021): Found 2 design units, including 1 entities, in source file /home/comnu/Documents/Q4/ArquitecturaComputadors/P3/Prac3/sumador.vhd
    Info (12022): Found design unit 1: sumador-behavior File: /home/comnu/Documents/Q4/ArquitecturaComputadors/P3/Prac3/sumador.vhd Line: 15
    Info (12023): Found entity 1: sumador File: /home/comnu/Documents/Q4/ArquitecturaComputadors/P3/Prac3/sumador.vhd Line: 8
Info (12021): Found 2 design units, including 1 entities, in source file /home/comnu/Documents/Q4/ArquitecturaComputadors/P3/Prac3/mux2x1_5bits.vhd
    Info (12022): Found design unit 1: mux2x1_5bits-behavior File: /home/comnu/Documents/Q4/ArquitecturaComputadors/P3/Prac3/mux2x1_5bits.vhd Line: 12
    Info (12023): Found entity 1: mux2x1_5bits File: /home/comnu/Documents/Q4/ArquitecturaComputadors/P3/Prac3/mux2x1_5bits.vhd Line: 4
Info (12021): Found 2 design units, including 1 entities, in source file /home/comnu/Documents/Q4/ArquitecturaComputadors/P3/Prac3/mux2x1.vhd
    Info (12022): Found design unit 1: mux2x1-atrib File: /home/comnu/Documents/Q4/ArquitecturaComputadors/P3/Prac3/mux2x1.vhd Line: 12
    Info (12023): Found entity 1: mux2x1 File: /home/comnu/Documents/Q4/ArquitecturaComputadors/P3/Prac3/mux2x1.vhd Line: 4
Info (12021): Found 2 design units, including 1 entities, in source file /home/comnu/Documents/Q4/ArquitecturaComputadors/P3/Prac3/MemInst.vhd
    Info (12022): Found design unit 1: MemInst-Behavioral File: /home/comnu/Documents/Q4/ArquitecturaComputadors/P3/Prac3/MemInst.vhd Line: 12
    Info (12023): Found entity 1: MemInst File: /home/comnu/Documents/Q4/ArquitecturaComputadors/P3/Prac3/MemInst.vhd Line: 6
Info (12021): Found 2 design units, including 1 entities, in source file /home/comnu/Documents/Q4/ArquitecturaComputadors/P3/Prac3/memData.vhd
    Info (12022): Found design unit 1: memData-behavior File: /home/comnu/Documents/Q4/ArquitecturaComputadors/P3/Prac3/memData.vhd Line: 14
    Info (12023): Found entity 1: memData File: /home/comnu/Documents/Q4/ArquitecturaComputadors/P3/Prac3/memData.vhd Line: 5
Info (12021): Found 2 design units, including 1 entities, in source file /home/comnu/Documents/Q4/ArquitecturaComputadors/P3/Prac3/extSig.vhd
    Info (12022): Found design unit 1: extSig-behavior File: /home/comnu/Documents/Q4/ArquitecturaComputadors/P3/Prac3/extSig.vhd Line: 12
    Info (12023): Found entity 1: extSig File: /home/comnu/Documents/Q4/ArquitecturaComputadors/P3/Prac3/extSig.vhd Line: 5
Info (12021): Found 2 design units, including 1 entities, in source file /home/comnu/Documents/Q4/ArquitecturaComputadors/P3/Prac3/ComptadorPrograma.vhd
    Info (12022): Found design unit 1: ComptadorPrograma-ArqPC File: /home/comnu/Documents/Q4/ArquitecturaComputadors/P3/Prac3/ComptadorPrograma.vhd Line: 15
    Info (12023): Found entity 1: ComptadorPrograma File: /home/comnu/Documents/Q4/ArquitecturaComputadors/P3/Prac3/ComptadorPrograma.vhd Line: 8
Info (12021): Found 2 design units, including 1 entities, in source file /home/comnu/Documents/Q4/ArquitecturaComputadors/P3/Prac3/BancRegistres.vhd
    Info (12022): Found design unit 1: BancRegistres-behav File: /home/comnu/Documents/Q4/ArquitecturaComputadors/P3/Prac3/BancRegistres.vhd Line: 25
    Info (12023): Found entity 1: BancRegistres File: /home/comnu/Documents/Q4/ArquitecturaComputadors/P3/Prac3/BancRegistres.vhd Line: 5
Info (12021): Found 2 design units, including 1 entities, in source file /home/comnu/Documents/Q4/ArquitecturaComputadors/P3/Prac3/ALU32.vhd
    Info (12022): Found design unit 1: ALU32-behavior File: /home/comnu/Documents/Q4/ArquitecturaComputadors/P3/Prac3/ALU32.vhd Line: 14
    Info (12023): Found entity 1: ALU32 File: /home/comnu/Documents/Q4/ArquitecturaComputadors/P3/Prac3/ALU32.vhd Line: 5
Warning (12125): Using design file microprocessador.bdf, which is not specified as a design file for the current project, but contains definitions for 1 design units and 1 entities in project
    Info (12023): Found entity 1: microprocessador
Info (12127): Elaborating entity "microprocessador" for the top level hierarchy
Error (275044): Port "clk" of type BancRegistres of instance "inst2" is missing source signal
Error (275024): Width mismatch in port "A[31..0]" of instance "inst11" and type mux2x1 -- source is ""S[31..28]""
Error (275044): Port "clk" of type ComptadorPrograma of instance "inst12" is missing source signal
Error (275024): Width mismatch in port "A[31..0]" of instance "inst14" and type sumador -- source is ""Output[2..0]" (ID constant4:inst13)"
Error (275044): Port "clock" of type memData of instance "inst17" is missing source signal
Error (275024): Width mismatch in port "address[7..0]" of instance "inst17" and type memData -- source is ""Resultat[31..0]" (ID ALU32:inst5)"
Error (275024): Width mismatch in port "A[31..0]" of instance "inst19" and type mux2x1 -- source is ""B,S[31..28]""
Error (275024): Width mismatch in port "A[31..0]" of instance "inst20" and type sumador -- source is ""S[31..28]""
Error (275023): Width mismatch in B -- source is ""sortida[27..0]" (ID Despl2BitsEsq:inst3)"
Error (12153): Can't elaborate top-level user hierarchy
Error: Quartus Prime Analysis & Synthesis was unsuccessful. 10 errors, 2 warnings
    Error: Peak virtual memory: 956 megabytes
    Error: Processing ended: Fri Apr 21 16:10:23 2017
    Error: Elapsed time: 00:00:22
    Error: Total CPU time (on all processors): 00:00:54


