Analysis & Synthesis report for microprocessador2
Tue May 23 11:36:18 2017
Quartus Prime Version 16.1.0 Build 196 10/24/2016 SJ Lite Edition


---------------------
; Table of Contents ;
---------------------
  1. Legal Notice
  2. Analysis & Synthesis Summary
  3. Analysis & Synthesis Settings
  4. Parallel Compilation
  5. Analysis & Synthesis Source Files Read
  6. Analysis & Synthesis Resource Usage Summary
  7. Analysis & Synthesis Resource Utilization by Entity
  8. General Register Statistics
  9. Port Connectivity Checks: "mux2x1:mux5"
 10. Port Connectivity Checks: "sumador:suma2"
 11. Port Connectivity Checks: "sumador:suma1"
 12. Port Connectivity Checks: "ALU32:ALU"
 13. Post-Synthesis Netlist Statistics for Top Partition
 14. Elapsed Time Per Partition
 15. Analysis & Synthesis Messages



----------------
; Legal Notice ;
----------------
Copyright (C) 2016  Intel Corporation. All rights reserved.
Your use of Intel Corporation's design tools, logic functions 
and other software and tools, and its AMPP partner logic 
functions, and any output files from any of the foregoing 
(including device programming or simulation files), and any 
associated documentation or information are expressly subject 
to the terms and conditions of the Intel Program License 
Subscription Agreement, the Intel Quartus Prime License Agreement,
the Intel MegaCore Function License Agreement, or other 
applicable license agreement, including, without limitation, 
that your use is for the sole purpose of programming logic 
devices manufactured by Intel and sold by Intel or its 
authorized distributors.  Please refer to the applicable 
agreement for further details.



+----------------------------------------------------------------------------------+
; Analysis & Synthesis Summary                                                     ;
+------------------------------------+---------------------------------------------+
; Analysis & Synthesis Status        ; Successful - Tue May 23 11:36:18 2017       ;
; Quartus Prime Version              ; 16.1.0 Build 196 10/24/2016 SJ Lite Edition ;
; Revision Name                      ; microprocessador2                           ;
; Top-level Entity Name              ; microprocessador2                           ;
; Family                             ; Cyclone IV E                                ;
; Total logic elements               ; 0                                           ;
;     Total combinational functions  ; 0                                           ;
;     Dedicated logic registers      ; 0                                           ;
; Total registers                    ; 0                                           ;
; Total pins                         ; 2                                           ;
; Total virtual pins                 ; 0                                           ;
; Total memory bits                  ; 0                                           ;
; Embedded Multiplier 9-bit elements ; 0                                           ;
; Total PLLs                         ; 0                                           ;
+------------------------------------+---------------------------------------------+


+----------------------------------------------------------------------------------------------------------------------+
; Analysis & Synthesis Settings                                                                                        ;
+----------------------------------------------------------------------------+--------------------+--------------------+
; Option                                                                     ; Setting            ; Default Value      ;
+----------------------------------------------------------------------------+--------------------+--------------------+
; Device                                                                     ; EP4CE22F17C6       ;                    ;
; Top-level entity name                                                      ; microprocessador2  ; microprocessador2  ;
; Family name                                                                ; Cyclone IV E       ; Cyclone V          ;
; Use smart compilation                                                      ; Off                ; Off                ;
; Enable parallel Assembler and TimeQuest Timing Analyzer during compilation ; On                 ; On                 ;
; Enable compact report table                                                ; Off                ; Off                ;
; Restructure Multiplexers                                                   ; Auto               ; Auto               ;
; Create Debugging Nodes for IP Cores                                        ; Off                ; Off                ;
; Preserve fewer node names                                                  ; On                 ; On                 ;
; OpenCore Plus hardware evaluation                                          ; Enable             ; Enable             ;
; Verilog Version                                                            ; Verilog_2001       ; Verilog_2001       ;
; VHDL Version                                                               ; VHDL_1993          ; VHDL_1993          ;
; State Machine Processing                                                   ; Auto               ; Auto               ;
; Safe State Machine                                                         ; Off                ; Off                ;
; Extract Verilog State Machines                                             ; On                 ; On                 ;
; Extract VHDL State Machines                                                ; On                 ; On                 ;
; Ignore Verilog initial constructs                                          ; Off                ; Off                ;
; Iteration limit for constant Verilog loops                                 ; 5000               ; 5000               ;
; Iteration limit for non-constant Verilog loops                             ; 250                ; 250                ;
; Add Pass-Through Logic to Inferred RAMs                                    ; On                 ; On                 ;
; Infer RAMs from Raw Logic                                                  ; On                 ; On                 ;
; Parallel Synthesis                                                         ; On                 ; On                 ;
; DSP Block Balancing                                                        ; Auto               ; Auto               ;
; NOT Gate Push-Back                                                         ; On                 ; On                 ;
; Power-Up Don't Care                                                        ; On                 ; On                 ;
; Remove Redundant Logic Cells                                               ; Off                ; Off                ;
; Remove Duplicate Registers                                                 ; On                 ; On                 ;
; Ignore CARRY Buffers                                                       ; Off                ; Off                ;
; Ignore CASCADE Buffers                                                     ; Off                ; Off                ;
; Ignore GLOBAL Buffers                                                      ; Off                ; Off                ;
; Ignore ROW GLOBAL Buffers                                                  ; Off                ; Off                ;
; Ignore LCELL Buffers                                                       ; Off                ; Off                ;
; Ignore SOFT Buffers                                                        ; On                 ; On                 ;
; Limit AHDL Integers to 32 Bits                                             ; Off                ; Off                ;
; Optimization Technique                                                     ; Balanced           ; Balanced           ;
; Carry Chain Length                                                         ; 70                 ; 70                 ;
; Auto Carry Chains                                                          ; On                 ; On                 ;
; Auto Open-Drain Pins                                                       ; On                 ; On                 ;
; Perform WYSIWYG Primitive Resynthesis                                      ; Off                ; Off                ;
; Auto ROM Replacement                                                       ; On                 ; On                 ;
; Auto RAM Replacement                                                       ; On                 ; On                 ;
; Auto DSP Block Replacement                                                 ; On                 ; On                 ;
; Auto Shift Register Replacement                                            ; Auto               ; Auto               ;
; Allow Shift Register Merging across Hierarchies                            ; Auto               ; Auto               ;
; Auto Clock Enable Replacement                                              ; On                 ; On                 ;
; Strict RAM Replacement                                                     ; Off                ; Off                ;
; Allow Synchronous Control Signals                                          ; On                 ; On                 ;
; Force Use of Synchronous Clear Signals                                     ; Off                ; Off                ;
; Auto RAM Block Balancing                                                   ; On                 ; On                 ;
; Auto RAM to Logic Cell Conversion                                          ; Off                ; Off                ;
; Auto Resource Sharing                                                      ; Off                ; Off                ;
; Allow Any RAM Size For Recognition                                         ; Off                ; Off                ;
; Allow Any ROM Size For Recognition                                         ; Off                ; Off                ;
; Allow Any Shift Register Size For Recognition                              ; Off                ; Off                ;
; Use LogicLock Constraints during Resource Balancing                        ; On                 ; On                 ;
; Ignore translate_off and synthesis_off directives                          ; Off                ; Off                ;
; Timing-Driven Synthesis                                                    ; On                 ; On                 ;
; Report Parameter Settings                                                  ; On                 ; On                 ;
; Report Source Assignments                                                  ; On                 ; On                 ;
; Report Connectivity Checks                                                 ; On                 ; On                 ;
; Ignore Maximum Fan-Out Assignments                                         ; Off                ; Off                ;
; Synchronization Register Chain Length                                      ; 2                  ; 2                  ;
; PowerPlay Power Optimization During Synthesis                              ; Normal compilation ; Normal compilation ;
; HDL message level                                                          ; Level2             ; Level2             ;
; Suppress Register Optimization Related Messages                            ; Off                ; Off                ;
; Number of Removed Registers Reported in Synthesis Report                   ; 5000               ; 5000               ;
; Number of Swept Nodes Reported in Synthesis Report                         ; 5000               ; 5000               ;
; Number of Inverted Registers Reported in Synthesis Report                  ; 100                ; 100                ;
; Clock MUX Protection                                                       ; On                 ; On                 ;
; Auto Gated Clock Conversion                                                ; Off                ; Off                ;
; Block Design Naming                                                        ; Auto               ; Auto               ;
; SDC constraint protection                                                  ; Off                ; Off                ;
; Synthesis Effort                                                           ; Auto               ; Auto               ;
; Shift Register Replacement - Allow Asynchronous Clear Signal               ; On                 ; On                 ;
; Pre-Mapping Resynthesis Optimization                                       ; Off                ; Off                ;
; Analysis & Synthesis Message Level                                         ; Medium             ; Medium             ;
; Disable Register Merging Across Hierarchies                                ; Auto               ; Auto               ;
; Resource Aware Inference For Block RAM                                     ; On                 ; On                 ;
+----------------------------------------------------------------------------+--------------------+--------------------+


+------------------------------------------+
; Parallel Compilation                     ;
+----------------------------+-------------+
; Processors                 ; Number      ;
+----------------------------+-------------+
; Number detected on machine ; 4           ;
; Maximum allowed            ; 2           ;
;                            ;             ;
; Average used               ; 1.00        ;
; Maximum used               ; 1           ;
;                            ;             ;
; Usage by Processor         ; % Time Used ;
;     Processor 1            ; 100.0%      ;
+----------------------------+-------------+


+-----------------------------------------------------------------------------------------------------------------------------------------------------------------------------+
; Analysis & Synthesis Source Files Read                                                                                                                                      ;
+----------------------------------+-----------------+-----------------------+--------------------------------------------------------------------------------------+---------+
; File Name with User-Entered Path ; Used in Netlist ; File Type             ; File Name with Absolute Path                                                         ; Library ;
+----------------------------------+-----------------+-----------------------+--------------------------------------------------------------------------------------+---------+
; Components/UnitatControl.vhd     ; yes             ; User VHDL File        ; /home/comnu/Documents/Q4/ArquitecturaComputadors/P4/Components/UnitatControl.vhd     ;         ;
; Components/sumador.vhd           ; yes             ; User VHDL File        ; /home/comnu/Documents/Q4/ArquitecturaComputadors/P4/Components/sumador.vhd           ;         ;
; Components/mux2x1_5bits.vhd      ; yes             ; User VHDL File        ; /home/comnu/Documents/Q4/ArquitecturaComputadors/P4/Components/mux2x1_5bits.vhd      ;         ;
; Components/mux2x1.vhd            ; yes             ; User VHDL File        ; /home/comnu/Documents/Q4/ArquitecturaComputadors/P4/Components/mux2x1.vhd            ;         ;
; Components/MemInst.vhd           ; yes             ; User VHDL File        ; /home/comnu/Documents/Q4/ArquitecturaComputadors/P4/Components/MemInst.vhd           ;         ;
; Components/memData.vhd           ; yes             ; User VHDL File        ; /home/comnu/Documents/Q4/ArquitecturaComputadors/P4/Components/memData.vhd           ;         ;
; Components/extSig.vhd            ; yes             ; User VHDL File        ; /home/comnu/Documents/Q4/ArquitecturaComputadors/P4/Components/extSig.vhd            ;         ;
; Components/ControlALU.vhd        ; yes             ; User VHDL File        ; /home/comnu/Documents/Q4/ArquitecturaComputadors/P4/Components/ControlALU.vhd        ;         ;
; Components/ComptadorPrograma.vhd ; yes             ; User VHDL File        ; /home/comnu/Documents/Q4/ArquitecturaComputadors/P4/Components/ComptadorPrograma.vhd ;         ;
; Components/BancRegistres.vhd     ; yes             ; User VHDL File        ; /home/comnu/Documents/Q4/ArquitecturaComputadors/P4/Components/BancRegistres.vhd     ;         ;
; Components/ALU32.vhd             ; yes             ; User VHDL File        ; /home/comnu/Documents/Q4/ArquitecturaComputadors/P4/Components/ALU32.vhd             ;         ;
; microprocessador2.vhd            ; yes             ; Auto-Found VHDL File  ; /home/comnu/Documents/Q4/ArquitecturaComputadors/P4/microprocessador2.vhd            ;         ;
+----------------------------------+-----------------+-----------------------+--------------------------------------------------------------------------------------+---------+


+-----------------------------------------------------+
; Analysis & Synthesis Resource Usage Summary         ;
+---------------------------------------------+-------+
; Resource                                    ; Usage ;
+---------------------------------------------+-------+
;                                             ;       ;
; Total combinational functions               ; 0     ;
; Logic element usage by number of LUT inputs ;       ;
;     -- 4 input functions                    ; 0     ;
;     -- 3 input functions                    ; 0     ;
;     -- <=2 input functions                  ; 0     ;
;                                             ;       ;
; Logic elements by mode                      ;       ;
;     -- normal mode                          ; 0     ;
;     -- arithmetic mode                      ; 0     ;
;                                             ;       ;
; Total registers                             ; 0     ;
;     -- Dedicated logic registers            ; 0     ;
;     -- I/O registers                        ; 0     ;
;                                             ;       ;
; I/O pins                                    ; 2     ;
;                                             ;       ;
; Embedded Multiplier 9-bit elements          ; 0     ;
;                                             ;       ;
; Maximum fan-out node                        ; Reset ;
; Maximum fan-out                             ; 1     ;
; Total fan-out                               ; 2     ;
; Average fan-out                             ; 0.50  ;
+---------------------------------------------+-------+


+----------------------------------------------------------------------------------------------------------------------------------------------------------------------------------------------------------------+
; Analysis & Synthesis Resource Utilization by Entity                                                                                                                                                            ;
+----------------------------+---------------------+---------------------------+-------------+--------------+---------+-----------+------+--------------+---------------------+-------------------+--------------+
; Compilation Hierarchy Node ; Combinational ALUTs ; Dedicated Logic Registers ; Memory Bits ; DSP Elements ; DSP 9x9 ; DSP 18x18 ; Pins ; Virtual Pins ; Full Hierarchy Name ; Entity Name       ; Library Name ;
+----------------------------+---------------------+---------------------------+-------------+--------------+---------+-----------+------+--------------+---------------------+-------------------+--------------+
; |microprocessador2         ; 0 (0)               ; 0 (0)                     ; 0           ; 0            ; 0       ; 0         ; 2    ; 0            ; |microprocessador2  ; microprocessador2 ; work         ;
+----------------------------+---------------------+---------------------------+-------------+--------------+---------+-----------+------+--------------+---------------------+-------------------+--------------+
Note: For table entries with two numbers listed, the numbers in parentheses indicate the number of resources of the given type used by the specific entity alone. The numbers listed outside of parentheses indicate the total resources of the given type used by the specific entity and all of its sub-entities in the hierarchy.


+------------------------------------------------------+
; General Register Statistics                          ;
+----------------------------------------------+-------+
; Statistic                                    ; Value ;
+----------------------------------------------+-------+
; Total registers                              ; 0     ;
; Number of registers using Synchronous Clear  ; 0     ;
; Number of registers using Synchronous Load   ; 0     ;
; Number of registers using Asynchronous Clear ; 0     ;
; Number of registers using Asynchronous Load  ; 0     ;
; Number of registers using Clock Enable       ; 0     ;
; Number of registers using Preset             ; 0     ;
+----------------------------------------------+-------+


+-------------------------------------------+
; Port Connectivity Checks: "mux2x1:mux5"   ;
+---------+-------+----------+--------------+
; Port    ; Type  ; Severity ; Details      ;
+---------+-------+----------+--------------+
; b[1..0] ; Input ; Info     ; Stuck at GND ;
+---------+-------+----------+--------------+


+-------------------------------------------+
; Port Connectivity Checks: "sumador:suma2" ;
+---------+-------+----------+--------------+
; Port    ; Type  ; Severity ; Details      ;
+---------+-------+----------+--------------+
; b[1..0] ; Input ; Info     ; Stuck at GND ;
+---------+-------+----------+--------------+


+--------------------------------------------+
; Port Connectivity Checks: "sumador:suma1"  ;
+----------+-------+----------+--------------+
; Port     ; Type  ; Severity ; Details      ;
+----------+-------+----------+--------------+
; a[31..3] ; Input ; Info     ; Stuck at GND ;
; a[1..0]  ; Input ; Info     ; Stuck at GND ;
; a[2]     ; Input ; Info     ; Stuck at VCC ;
+----------+-------+----------+--------------+


+----------------------------------------------------------------------------------------------------------------+
; Port Connectivity Checks: "ALU32:ALU"                                                                          ;
+------+--------+----------+-------------------------------------------------------------------------------------+
; Port ; Type   ; Severity ; Details                                                                             ;
+------+--------+----------+-------------------------------------------------------------------------------------+
; c    ; Output ; Info     ; Connected to dangling logic. Logic that only feeds a dangling port will be removed. ;
+------+--------+----------+-------------------------------------------------------------------------------------+


+-----------------------------------------------------+
; Post-Synthesis Netlist Statistics for Top Partition ;
+-------------------+---------------------------------+
; Type              ; Count                           ;
+-------------------+---------------------------------+
; boundary_port     ; 2                               ;
;                   ;                                 ;
; Max LUT depth     ; 0.00                            ;
; Average LUT depth ; 0.00                            ;
+-------------------+---------------------------------+


+-------------------------------+
; Elapsed Time Per Partition    ;
+----------------+--------------+
; Partition Name ; Elapsed Time ;
+----------------+--------------+
; Top            ; 00:00:00     ;
+----------------+--------------+


+-------------------------------+
; Analysis & Synthesis Messages ;
+-------------------------------+
Info: *******************************************************************
Info: Running Quartus Prime Analysis & Synthesis
    Info: Version 16.1.0 Build 196 10/24/2016 SJ Lite Edition
    Info: Processing started: Tue May 23 11:35:52 2017
Info: Command: quartus_map --read_settings_files=on --write_settings_files=off microprocessador2 -c microprocessador2
Warning (18236): Number of processors has not been specified which may cause overloading on shared machines.  Set the global assignment NUM_PARALLEL_PROCESSORS in your QSF to an appropriate value for best performance.
Info (20030): Parallel compilation is enabled and will use 2 of the 2 processors detected
Info (12021): Found 2 design units, including 1 entities, in source file Components/UnitatControl.vhd
    Info (12022): Found design unit 1: UnitatControl-behav File: /home/comnu/Documents/Q4/ArquitecturaComputadors/P4/Components/UnitatControl.vhd Line: 24
    Info (12023): Found entity 1: UnitatControl File: /home/comnu/Documents/Q4/ArquitecturaComputadors/P4/Components/UnitatControl.vhd Line: 5
Info (12021): Found 2 design units, including 1 entities, in source file Components/sumador.vhd
    Info (12022): Found design unit 1: sumador-behavior File: /home/comnu/Documents/Q4/ArquitecturaComputadors/P4/Components/sumador.vhd Line: 15
    Info (12023): Found entity 1: sumador File: /home/comnu/Documents/Q4/ArquitecturaComputadors/P4/Components/sumador.vhd Line: 8
Info (12021): Found 2 design units, including 1 entities, in source file Components/mux2x1_5bits.vhd
    Info (12022): Found design unit 1: mux2x1_5bits-behavior File: /home/comnu/Documents/Q4/ArquitecturaComputadors/P4/Components/mux2x1_5bits.vhd Line: 12
    Info (12023): Found entity 1: mux2x1_5bits File: /home/comnu/Documents/Q4/ArquitecturaComputadors/P4/Components/mux2x1_5bits.vhd Line: 4
Info (12021): Found 2 design units, including 1 entities, in source file Components/mux2x1.vhd
    Info (12022): Found design unit 1: mux2x1-atrib File: /home/comnu/Documents/Q4/ArquitecturaComputadors/P4/Components/mux2x1.vhd Line: 12
    Info (12023): Found entity 1: mux2x1 File: /home/comnu/Documents/Q4/ArquitecturaComputadors/P4/Components/mux2x1.vhd Line: 4
Info (12021): Found 2 design units, including 1 entities, in source file Components/MemInst.vhd
    Info (12022): Found design unit 1: MemInst-Behavioral File: /home/comnu/Documents/Q4/ArquitecturaComputadors/P4/Components/MemInst.vhd Line: 12
    Info (12023): Found entity 1: MemInst File: /home/comnu/Documents/Q4/ArquitecturaComputadors/P4/Components/MemInst.vhd Line: 6
Info (12021): Found 2 design units, including 1 entities, in source file Components/memData.vhd
    Info (12022): Found design unit 1: memData-behavior File: /home/comnu/Documents/Q4/ArquitecturaComputadors/P4/Components/memData.vhd Line: 14
    Info (12023): Found entity 1: memData File: /home/comnu/Documents/Q4/ArquitecturaComputadors/P4/Components/memData.vhd Line: 5
Info (12021): Found 2 design units, including 1 entities, in source file Components/extSig.vhd
    Info (12022): Found design unit 1: extSig-behavior File: /home/comnu/Documents/Q4/ArquitecturaComputadors/P4/Components/extSig.vhd Line: 12
    Info (12023): Found entity 1: extSig File: /home/comnu/Documents/Q4/ArquitecturaComputadors/P4/Components/extSig.vhd Line: 5
Info (12021): Found 2 design units, including 1 entities, in source file Components/ControlALU.vhd
    Info (12022): Found design unit 1: ControlALU-behav File: /home/comnu/Documents/Q4/ArquitecturaComputadors/P4/Components/ControlALU.vhd Line: 15
    Info (12023): Found entity 1: ControlALU File: /home/comnu/Documents/Q4/ArquitecturaComputadors/P4/Components/ControlALU.vhd Line: 5
Info (12021): Found 2 design units, including 1 entities, in source file Components/ComptadorPrograma.vhd
    Info (12022): Found design unit 1: ComptadorPrograma-ArqPC File: /home/comnu/Documents/Q4/ArquitecturaComputadors/P4/Components/ComptadorPrograma.vhd Line: 15
    Info (12023): Found entity 1: ComptadorPrograma File: /home/comnu/Documents/Q4/ArquitecturaComputadors/P4/Components/ComptadorPrograma.vhd Line: 8
Info (12021): Found 2 design units, including 1 entities, in source file Components/BancRegistres.vhd
    Info (12022): Found design unit 1: BancRegistres-behav File: /home/comnu/Documents/Q4/ArquitecturaComputadors/P4/Components/BancRegistres.vhd Line: 25
    Info (12023): Found entity 1: BancRegistres File: /home/comnu/Documents/Q4/ArquitecturaComputadors/P4/Components/BancRegistres.vhd Line: 5
Info (12021): Found 2 design units, including 1 entities, in source file Components/ALU32.vhd
    Info (12022): Found design unit 1: ALU32-behavior File: /home/comnu/Documents/Q4/ArquitecturaComputadors/P4/Components/ALU32.vhd Line: 14
    Info (12023): Found entity 1: ALU32 File: /home/comnu/Documents/Q4/ArquitecturaComputadors/P4/Components/ALU32.vhd Line: 5
Warning (12125): Using design file microprocessador2.vhd, which is not specified as a design file for the current project, but contains definitions for 2 design units and 1 entities in project
    Info (12022): Found design unit 1: microprocessador2-Behavioral File: /home/comnu/Documents/Q4/ArquitecturaComputadors/P4/microprocessador2.vhd Line: 14
    Info (12023): Found entity 1: microprocessador2 File: /home/comnu/Documents/Q4/ArquitecturaComputadors/P4/microprocessador2.vhd Line: 5
Info (12127): Elaborating entity "microprocessador2" for the top level hierarchy
Warning (10036): Verilog HDL or VHDL warning at microprocessador2.vhd(126): object "carry" assigned a value but never read File: /home/comnu/Documents/Q4/ArquitecturaComputadors/P4/microprocessador2.vhd Line: 126
Warning (10540): VHDL Signal Declaration warning at microprocessador2.vhd(150): used explicit default value for signal "Const4" because signal was never assigned a value File: /home/comnu/Documents/Q4/ArquitecturaComputadors/P4/microprocessador2.vhd Line: 150
Info (12128): Elaborating entity "ALU32" for hierarchy "ALU32:ALU" File: /home/comnu/Documents/Q4/ArquitecturaComputadors/P4/microprocessador2.vhd Line: 199
Warning (10631): VHDL Process Statement warning at ALU32.vhd(16): inferring latch(es) for signal or variable "result", which holds its previous value in one or more paths through the process File: /home/comnu/Documents/Q4/ArquitecturaComputadors/P4/Components/ALU32.vhd Line: 16
Info (12128): Elaborating entity "UnitatControl" for hierarchy "UnitatControl:UC" File: /home/comnu/Documents/Q4/ArquitecturaComputadors/P4/microprocessador2.vhd Line: 207
Info (12128): Elaborating entity "ControlALU" for hierarchy "ControlALU:ContrALU" File: /home/comnu/Documents/Q4/ArquitecturaComputadors/P4/microprocessador2.vhd Line: 219
Info (12128): Elaborating entity "sumador" for hierarchy "sumador:suma1" File: /home/comnu/Documents/Q4/ArquitecturaComputadors/P4/microprocessador2.vhd Line: 224
Info (12128): Elaborating entity "mux2x1_5bits" for hierarchy "mux2x1_5bits:mux1" File: /home/comnu/Documents/Q4/ArquitecturaComputadors/P4/microprocessador2.vhd Line: 229
Info (12128): Elaborating entity "ComptadorPrograma" for hierarchy "ComptadorPrograma:PC" File: /home/comnu/Documents/Q4/ArquitecturaComputadors/P4/microprocessador2.vhd Line: 235
Info (12128): Elaborating entity "BancRegistres" for hierarchy "BancRegistres:BancReg" File: /home/comnu/Documents/Q4/ArquitecturaComputadors/P4/microprocessador2.vhd Line: 241
Info (12128): Elaborating entity "extSig" for hierarchy "extSig:ExSig" File: /home/comnu/Documents/Q4/ArquitecturaComputadors/P4/microprocessador2.vhd Line: 253
Info (12128): Elaborating entity "mux2x1" for hierarchy "mux2x1:mux2" File: /home/comnu/Documents/Q4/ArquitecturaComputadors/P4/microprocessador2.vhd Line: 258
Info (12128): Elaborating entity "MemInst" for hierarchy "MemInst:MemoriaPrograma" File: /home/comnu/Documents/Q4/ArquitecturaComputadors/P4/microprocessador2.vhd Line: 265
Info (12128): Elaborating entity "memData" for hierarchy "memData:MemDades" File: /home/comnu/Documents/Q4/ArquitecturaComputadors/P4/microprocessador2.vhd Line: 270
Info (16010): Generating hard_block partition "hard_block:auto_generated_inst"
    Info (16011): Adding 0 node(s), including 0 DDIO, 0 PLL, 0 transceiver and 0 LCELL
Warning (21074): Design contains 2 input pin(s) that do not drive logic
    Warning (15610): No output dependent on input pin "Reset" File: /home/comnu/Documents/Q4/ArquitecturaComputadors/P4/microprocessador2.vhd Line: 7
    Warning (15610): No output dependent on input pin "CLK" File: /home/comnu/Documents/Q4/ArquitecturaComputadors/P4/microprocessador2.vhd Line: 8
Info (21057): Implemented 2 device resources after synthesis - the final resource count might be different
    Info (21058): Implemented 2 input pins
    Info (21059): Implemented 0 output pins
Info: Quartus Prime Analysis & Synthesis was successful. 0 errors, 8 warnings
    Info: Peak virtual memory: 965 megabytes
    Info: Processing ended: Tue May 23 11:36:18 2017
    Info: Elapsed time: 00:00:26
    Info: Total CPU time (on all processors): 00:00:58


